2026-06-11 10:43:25,829 | INFO | M12 OS 0.3.8 started
2026-06-11 10:43:29,710 | INFO | Home: open drawing
2026-06-11 10:49:28,639 | INFO | M12 OS 0.3.8 started
2026-06-11 10:49:31,121 | INFO | Home: open drawing
2026-06-11 10:53:20,064 | INFO | M12 OS 0.3.8 started
2026-06-11 10:53:22,959 | INFO | Home: open drawing
2026-06-11 10:54:59,387 | INFO | M12 OS 0.3.8 started
2026-06-11 10:55:01,415 | INFO | Home: open drawing
2026-06-11 10:55:45,935 | INFO | Home: open drawing
2026-06-11 11:17:58,263 | INFO | M12 OS 0.3.8 started
2026-06-11 11:18:00,689 | INFO | Home: open drawing
2026-06-11 11:21:04,367 | INFO | Home: open drawing
2026-06-11 14:28:43,905 | INFO | M12 OS 0.3.9 started
2026-06-11 14:28:52,426 | INFO | Home: open calendar
2026-06-11 14:29:49,018 | INFO | Calendar: added Untitled Event
2026-06-11 14:29:49,019 | INFO | Calendar: events saved
2026-06-11 14:30:29,226 | INFO | Calendar: added Untitled Event
2026-06-11 14:30:29,228 | INFO | Calendar: events saved
2026-06-11 14:30:37,125 | INFO | Calendar: selected event 0
2026-06-11 14:31:02,212 | INFO | Calendar: edited Boarding Pass Check in
2026-06-11 14:31:02,214 | INFO | Calendar: events saved
2026-06-11 14:31:03,792 | INFO | Calendar: selected event 1
2026-06-11 14:31:05,018 | INFO | Calendar: selected event 1
2026-06-11 14:31:05,807 | INFO | Calendar: selected event 1
2026-06-11 14:31:21,694 | INFO | Calendar: edited Flight to Italy
2026-06-11 14:31:21,696 | INFO | Calendar: events saved
2026-06-11 14:34:06,671 | INFO | Calendar: selected event 0
2026-06-11 14:34:11,329 | INFO | Calendar: selected event 0
2026-06-11 14:34:11,675 | INFO | Calendar: selected event 0
2026-06-11 14:34:31,286 | INFO | Calendar: selected event 1
2026-06-11 14:34:32,092 | INFO | Calendar: selected event 1
2026-06-11 14:34:44,330 | INFO | Calendar: selected event 0
2026-06-11 14:34:45,400 | INFO | Calendar: selected event 1
2026-06-11 14:41:26,758 | INFO | M12 OS 0.3.9 started
2026-06-11 14:41:29,447 | INFO | Home: open calendar
2026-06-11 14:41:31,920 | INFO | Calendar: selected event 0
2026-06-11 14:43:39,430 | INFO | Calendar: added Visit Doctor Bilik
2026-06-11 14:43:39,432 | INFO | Calendar: events saved
2026-06-11 14:44:29,523 | INFO | Calendar: selected event 0
2026-06-11 14:44:31,256 | INFO | Calendar: selected event 1
2026-06-11 14:44:32,391 | INFO | Calendar: selected event 2
2026-06-11 14:45:10,553 | INFO | Calendar: selected event 1
2026-06-11 14:45:11,701 | INFO | Calendar: selected event 0
2026-06-11 14:45:17,677 | INFO | Calendar: selected event 1
2026-06-11 16:25:51,674 | INFO | M12 OS 0.3.9 started
2026-06-11 16:25:54,286 | INFO | Home: open calendar
